{"name":"This test is for Management Page","status":"broken","statusDetails":{"known":false,"muted":false,"flaky":false,"message":"Expected condition failed: waiting for visibility of element located by By.xpath: //*[@id=\"root\"]/div/div[3]/div[1]/div/div[2]/div/div/div/table/tbody/tr[2]/td[5]/div/button[1] (tried for 20 second(s) with 500 milliseconds interval)","trace":"org.openqa.selenium.TimeoutException: Expected condition failed: waiting for visibility of element located by By.xpath: //*[@id=\"root\"]/div/div[3]/div[1]/div/div[2]/div/div/div/table/tbody/tr[2]/td[5]/div/button[1] (tried for 20 second(s) with 500 milliseconds interval)\n\tat org.openqa.selenium.support.ui.WebDriverWait.timeoutException(WebDriverWait.java:95)\n\tat org.openqa.selenium.support.ui.FluentWait.until(FluentWait.java:272)\n\tat com.implementation.SideManagementImpl.departmentPage(SideManagementImpl.java:218)\n\tat com.tests.SideManagementTests.testMethod(SideManagementTests.java:39)\n\tat java.base/jdk.internal.reflect.NativeMethodAccessorImpl.invoke0(Native Method)\n\tat java.base/jdk.internal.reflect.NativeMethodAccessorImpl.invoke(NativeMethodAccessorImpl.java:62)\n\tat java.base/jdk.internal.reflect.DelegatingMethodAccessorImpl.invoke(DelegatingMethodAccessorImpl.java:43)\n\tat java.base/java.lang.reflect.Method.invoke(Method.java:564)\n\tat org.testng.internal.MethodInvocationHelper.invokeMethod(MethodInvocationHelper.java:133)\n\tat org.testng.internal.TestInvoker.invokeMethod(TestInvoker.java:584)\n\tat org.testng.internal.TestInvoker.invokeTestMethod(TestInvoker.java:172)\n\tat org.testng.internal.MethodRunner.runInSequence(MethodRunner.java:46)\n\tat org.testng.internal.TestInvoker$MethodInvocationAgent.invoke(TestInvoker.java:804)\n\tat org.testng.internal.TestInvoker.invokeTestMethods(TestInvoker.java:145)\n\tat org.testng.internal.TestMethodWorker.invokeTestMethods(TestMethodWorker.java:146)\n\tat org.testng.internal.TestMethodWorker.run(TestMethodWorker.java:128)\n\tat java.base/java.util.ArrayList.forEach(ArrayList.java:1511)\n\tat org.testng.TestRunner.privateRun(TestRunner.java:770)\n\tat org.testng.TestRunner.run(TestRunner.java:591)\n\tat org.testng.SuiteRunner.runTest(SuiteRunner.java:402)\n\tat org.testng.SuiteRunner.runSequentially(SuiteRunner.java:396)\n\tat org.testng.SuiteRunner.privateRun(SuiteRunner.java:355)\n\tat org.testng.SuiteRunner.run(SuiteRunner.java:304)\n\tat org.testng.SuiteRunnerWorker.runSuite(SuiteRunnerWorker.java:53)\n\tat org.testng.SuiteRunnerWorker.run(SuiteRunnerWorker.java:96)\n\tat org.testng.TestNG.runSuitesSequentially(TestNG.java:1180)\n\tat org.testng.TestNG.runSuitesLocally(TestNG.java:1102)\n\tat org.testng.TestNG.runSuites(TestNG.java:1032)\n\tat org.testng.TestNG.run(TestNG.java:1000)\n\tat com.intellij.rt.testng.IDEARemoteTestNG.run(IDEARemoteTestNG.java:66)\n\tat com.intellij.rt.testng.RemoteTestNGStarter.main(RemoteTestNGStarter.java:109)\nCaused by: org.openqa.selenium.NoSuchElementException: no such element: Unable to locate element: {\"method\":\"xpath\",\"selector\":\"//*[@id=\"root\"]/div/div[3]/div[1]/div/div[2]/div/div/div/table/tbody/tr[2]/td[5]/div/button[1]\"}\n  (Session info: chrome=86.0.4240.111)\nFor documentation on this error, please visit: https://www.seleniumhq.org/exceptions/no_such_element.html\nBuild info: version: '3.141.59', revision: 'e82be7d358', time: '2018-11-14T08:17:03'\nSystem info: host: 'Blerons-iMac.local', ip: 'fe80:0:0:0:1078:6b13:a664:14d6%en0', os.name: 'Mac OS X', os.arch: 'x86_64', os.version: '10.15.6', java.version: '14.0.2'\nDriver info: org.openqa.selenium.chrome.ChromeDriver\nCapabilities {acceptInsecureCerts: false, browserName: chrome, browserVersion: 86.0.4240.111, chrome: {chromedriverVersion: 86.0.4240.22 (398b0743353ff..., userDataDir: /var/folders/k2/ql842xwj4gq...}, goog:chromeOptions: {debuggerAddress: localhost:58609}, javascriptEnabled: true, networkConnectionEnabled: false, pageLoadStrategy: normal, platform: MAC, platformName: MAC, proxy: Proxy(), setWindowRect: true, strictFileInteractability: false, timeouts: {implicit: 0, pageLoad: 300000, script: 30000}, unhandledPromptBehavior: dismiss and notify, webauthn:virtualAuthenticators: true}\nSession ID: 618a488e8bbe583b80ed00114ac97221\n*** Element info: {Using=xpath, value=//*[@id=\"root\"]/div/div[3]/div[1]/div/div[2]/div/div/div/table/tbody/tr[2]/td[5]/div/button[1]}\n\tat java.base/jdk.internal.reflect.NativeConstructorAccessorImpl.newInstance0(Native Method)\n\tat java.base/jdk.internal.reflect.NativeConstructorAccessorImpl.newInstance(NativeConstructorAccessorImpl.java:62)\n\tat java.base/jdk.internal.reflect.DelegatingConstructorAccessorImpl.newInstance(DelegatingConstructorAccessorImpl.java:45)\n\tat java.base/java.lang.reflect.Constructor.newInstanceWithCaller(Constructor.java:500)\n\tat java.base/java.lang.reflect.Constructor.newInstance(Constructor.java:481)\n\tat org.openqa.selenium.remote.http.W3CHttpResponseCodec.createException(W3CHttpResponseCodec.java:187)\n\tat org.openqa.selenium.remote.http.W3CHttpResponseCodec.decode(W3CHttpResponseCodec.java:122)\n\tat org.openqa.selenium.remote.http.W3CHttpResponseCodec.decode(W3CHttpResponseCodec.java:49)\n\tat org.openqa.selenium.remote.HttpCommandExecutor.execute(HttpCommandExecutor.java:158)\n\tat org.openqa.selenium.remote.service.DriverCommandExecutor.execute(DriverCommandExecutor.java:83)\n\tat org.openqa.selenium.remote.RemoteWebDriver.execute(RemoteWebDriver.java:552)\n\tat org.openqa.selenium.remote.RemoteWebDriver.findElement(RemoteWebDriver.java:323)\n\tat org.openqa.selenium.remote.RemoteWebDriver.findElementByXPath(RemoteWebDriver.java:428)\n\tat org.openqa.selenium.By$ByXPath.findElement(By.java:353)\n\tat org.openqa.selenium.remote.RemoteWebDriver.findElement(RemoteWebDriver.java:315)\n\tat org.openqa.selenium.support.ui.ExpectedConditions$7.apply(ExpectedConditions.java:205)\n\tat org.openqa.selenium.support.ui.ExpectedConditions$7.apply(ExpectedConditions.java:201)\n\tat org.openqa.selenium.support.ui.FluentWait.until(FluentWait.java:249)\n\t... 29 more\n"},"stage":"finished","steps":[{"name":"Step 1","status":"passed","stage":"finished","steps":[],"attachments":[{"name":"Shedwool Screenshot","source":"1fc0ca45-d6dd-48d5-b6e1-849d29439c5a-attachment"}],"parameters":[],"start":1603965652422,"stop":1603965653675},{"name":"Step 1","status":"passed","stage":"finished","steps":[],"attachments":[{"name":"Shedwool Screenshot","source":"c1f830a1-2659-4eba-b8c0-f49202ee8e63-attachment"}],"parameters":[],"start":1603965654216,"stop":1603965655673},{"name":"Step 1","status":"passed","stage":"finished","steps":[],"attachments":[{"name":"Shedwool Screenshot","source":"9d7a068a-403b-4f3d-8795-17ebae17d628-attachment"}],"parameters":[],"start":1603965655673,"stop":1603965656337},{"name":"Step 1","status":"passed","stage":"finished","steps":[],"attachments":[{"name":"Shedwool Screenshot","source":"3ee6a555-e98c-4b91-a4f1-ef17fa80290f-attachment"}],"parameters":[],"start":1603965658960,"stop":1603965659301},{"name":"Step 1","status":"passed","stage":"finished","steps":[],"attachments":[{"name":"Shedwool Screenshot","source":"f25e9e05-c4a9-436e-b5ce-a391d4c7a848-attachment"}],"parameters":[],"start":1603965665491,"stop":1603965665823},{"name":"Step 1","status":"passed","stage":"finished","steps":[],"attachments":[{"name":"Shedwool Screenshot","source":"60569a74-3e25-4def-8a8b-7a0e06075033-attachment"}],"parameters":[],"start":1603965665823,"stop":1603965666362},{"name":"Step 1","status":"passed","stage":"finished","steps":[],"attachments":[{"name":"Shedwool Screenshot","source":"b9edd280-6bb0-40e4-a035-cd8aedb7d2cf-attachment"}],"parameters":[],"start":1603965669973,"stop":1603965670277}],"attachments":[],"parameters":[],"start":1603965649479,"stop":1603965701051,"uuid":"ad21884b-674c-48b9-8590-5df11a6d7282","historyId":"feed6f87287d811ad985286dd70efa2e","fullName":"com.tests.SideManagementTests.testMethod","labels":[{"name":"package","value":"com.tests.SideManagementTests"},{"name":"testClass","value":"com.tests.SideManagementTests"},{"name":"testMethod","value":"testMethod"},{"name":"parentSuite","value":"System Suite"},{"name":"suite","value":"System Tests"},{"name":"subSuite","value":"com.tests.SideManagementTests"},{"name":"host","value":"Blerons-iMac.local"},{"name":"thread","value":"2179@Blerons-iMac.local.main(1)"},{"name":"framework","value":"testng"},{"name":"language","value":"java"}],"links":[]}