{
  "uid" : "1988d847826da43b",
  "name" : "This test is for Management Page",
  "fullName" : "com.tests.SideManagementTests.testMethod",
  "historyId" : "feed6f87287d811ad985286dd70efa2e",
  "time" : {
    "start" : 1603199115999,
    "stop" : 1603199177487,
    "duration" : 61488
  },
  "status" : "broken",
  "statusMessage" : "no such element: Unable to locate element: {\"method\":\"xpath\",\"selector\":\"/html/body/div[2]/div[3]/form/div[1]/div/div/div/div/button\"}\n  (Session info: chrome=86.0.4240.80)\nFor documentation on this error, please visit: https://www.seleniumhq.org/exceptions/no_such_element.html\nBuild info: version: '3.141.59', revision: 'e82be7d358', time: '2018-11-14T08:17:03'\nSystem info: host: 'Blerons-iMac.local', ip: '192.168.0.103', os.name: 'Mac OS X', os.arch: 'x86_64', os.version: '10.15.6', java.version: '14.0.2'\nDriver info: org.openqa.selenium.chrome.ChromeDriver\nCapabilities {acceptInsecureCerts: false, browserName: chrome, browserVersion: 86.0.4240.80, chrome: {chromedriverVersion: 86.0.4240.22 (398b0743353ff..., userDataDir: /var/folders/k2/ql842xwj4gq...}, goog:chromeOptions: {debuggerAddress: localhost:58131}, javascriptEnabled: true, networkConnectionEnabled: false, pageLoadStrategy: normal, platform: MAC, platformName: MAC, proxy: Proxy(), setWindowRect: true, strictFileInteractability: false, timeouts: {implicit: 0, pageLoad: 300000, script: 30000}, unhandledPromptBehavior: dismiss and notify, webauthn:virtualAuthenticators: true}\nSession ID: 595d3288edd35c7f5a64dd0f63f39972\n*** Element info: {Using=xpath, value=/html/body/div[2]/div[3]/form/div[1]/div/div/div/div/button}",
  "statusTrace" : "org.openqa.selenium.NoSuchElementException: no such element: Unable to locate element: {\"method\":\"xpath\",\"selector\":\"/html/body/div[2]/div[3]/form/div[1]/div/div/div/div/button\"}\n  (Session info: chrome=86.0.4240.80)\nFor documentation on this error, please visit: https://www.seleniumhq.org/exceptions/no_such_element.html\nBuild info: version: '3.141.59', revision: 'e82be7d358', time: '2018-11-14T08:17:03'\nSystem info: host: 'Blerons-iMac.local', ip: '192.168.0.103', os.name: 'Mac OS X', os.arch: 'x86_64', os.version: '10.15.6', java.version: '14.0.2'\nDriver info: org.openqa.selenium.chrome.ChromeDriver\nCapabilities {acceptInsecureCerts: false, browserName: chrome, browserVersion: 86.0.4240.80, chrome: {chromedriverVersion: 86.0.4240.22 (398b0743353ff..., userDataDir: /var/folders/k2/ql842xwj4gq...}, goog:chromeOptions: {debuggerAddress: localhost:58131}, javascriptEnabled: true, networkConnectionEnabled: false, pageLoadStrategy: normal, platform: MAC, platformName: MAC, proxy: Proxy(), setWindowRect: true, strictFileInteractability: false, timeouts: {implicit: 0, pageLoad: 300000, script: 30000}, unhandledPromptBehavior: dismiss and notify, webauthn:virtualAuthenticators: true}\nSession ID: 595d3288edd35c7f5a64dd0f63f39972\n*** Element info: {Using=xpath, value=/html/body/div[2]/div[3]/form/div[1]/div/div/div/div/button}\n\tat java.base/jdk.internal.reflect.NativeConstructorAccessorImpl.newInstance0(Native Method)\n\tat java.base/jdk.internal.reflect.NativeConstructorAccessorImpl.newInstance(NativeConstructorAccessorImpl.java:62)\n\tat java.base/jdk.internal.reflect.DelegatingConstructorAccessorImpl.newInstance(DelegatingConstructorAccessorImpl.java:45)\n\tat java.base/java.lang.reflect.Constructor.newInstanceWithCaller(Constructor.java:500)\n\tat java.base/java.lang.reflect.Constructor.newInstance(Constructor.java:481)\n\tat org.openqa.selenium.remote.http.W3CHttpResponseCodec.createException(W3CHttpResponseCodec.java:187)\n\tat org.openqa.selenium.remote.http.W3CHttpResponseCodec.decode(W3CHttpResponseCodec.java:122)\n\tat org.openqa.selenium.remote.http.W3CHttpResponseCodec.decode(W3CHttpResponseCodec.java:49)\n\tat org.openqa.selenium.remote.HttpCommandExecutor.execute(HttpCommandExecutor.java:158)\n\tat org.openqa.selenium.remote.service.DriverCommandExecutor.execute(DriverCommandExecutor.java:83)\n\tat org.openqa.selenium.remote.RemoteWebDriver.execute(RemoteWebDriver.java:552)\n\tat org.openqa.selenium.remote.RemoteWebDriver.findElement(RemoteWebDriver.java:323)\n\tat org.openqa.selenium.remote.RemoteWebDriver.findElementByXPath(RemoteWebDriver.java:428)\n\tat org.openqa.selenium.By$ByXPath.findElement(By.java:353)\n\tat org.openqa.selenium.remote.RemoteWebDriver.findElement(RemoteWebDriver.java:315)\n\tat com.implementation.SideManagementImpl.templatePage(SideManagementImpl.java:304)\n\tat com.tests.SideManagementTests.testMethod(SideManagementTests.java:41)\n\tat java.base/jdk.internal.reflect.NativeMethodAccessorImpl.invoke0(Native Method)\n\tat java.base/jdk.internal.reflect.NativeMethodAccessorImpl.invoke(NativeMethodAccessorImpl.java:62)\n\tat java.base/jdk.internal.reflect.DelegatingMethodAccessorImpl.invoke(DelegatingMethodAccessorImpl.java:43)\n\tat java.base/java.lang.reflect.Method.invoke(Method.java:564)\n\tat org.testng.internal.MethodInvocationHelper.invokeMethod(MethodInvocationHelper.java:133)\n\tat org.testng.internal.TestInvoker.invokeMethod(TestInvoker.java:584)\n\tat org.testng.internal.TestInvoker.invokeTestMethod(TestInvoker.java:172)\n\tat org.testng.internal.MethodRunner.runInSequence(MethodRunner.java:46)\n\tat org.testng.internal.TestInvoker$MethodInvocationAgent.invoke(TestInvoker.java:804)\n\tat org.testng.internal.TestInvoker.invokeTestMethods(TestInvoker.java:145)\n\tat org.testng.internal.TestMethodWorker.invokeTestMethods(TestMethodWorker.java:146)\n\tat org.testng.internal.TestMethodWorker.run(TestMethodWorker.java:128)\n\tat java.base/java.util.ArrayList.forEach(ArrayList.java:1511)\n\tat org.testng.TestRunner.privateRun(TestRunner.java:770)\n\tat org.testng.TestRunner.run(TestRunner.java:591)\n\tat org.testng.SuiteRunner.runTest(SuiteRunner.java:402)\n\tat org.testng.SuiteRunner.runSequentially(SuiteRunner.java:396)\n\tat org.testng.SuiteRunner.privateRun(SuiteRunner.java:355)\n\tat org.testng.SuiteRunner.run(SuiteRunner.java:304)\n\tat org.testng.SuiteRunnerWorker.runSuite(SuiteRunnerWorker.java:53)\n\tat org.testng.SuiteRunnerWorker.run(SuiteRunnerWorker.java:96)\n\tat org.testng.TestNG.runSuitesSequentially(TestNG.java:1180)\n\tat org.testng.TestNG.runSuitesLocally(TestNG.java:1102)\n\tat org.testng.TestNG.runSuites(TestNG.java:1032)\n\tat org.testng.TestNG.run(TestNG.java:1000)\n\tat com.intellij.rt.testng.IDEARemoteTestNG.run(IDEARemoteTestNG.java:66)\n\tat com.intellij.rt.testng.RemoteTestNGStarter.main(RemoteTestNGStarter.java:109)\n",
  "flaky" : false,
  "newFailed" : false,
  "beforeStages" : [ {
    "name" : "openChrome",
    "time" : {
      "start" : 1603199105044,
      "stop" : 1603199110751,
      "duration" : 5707
    },
    "description" : "",
    "status" : "passed",
    "steps" : [ ],
    "attachments" : [ ],
    "parameters" : [ ],
    "stepsCount" : 0,
    "attachmentsCount" : 0,
    "shouldDisplayMessage" : false,
    "hasContent" : false
  } ],
  "testStage" : {
    "status" : "broken",
    "statusMessage" : "no such element: Unable to locate element: {\"method\":\"xpath\",\"selector\":\"/html/body/div[2]/div[3]/form/div[1]/div/div/div/div/button\"}\n  (Session info: chrome=86.0.4240.80)\nFor documentation on this error, please visit: https://www.seleniumhq.org/exceptions/no_such_element.html\nBuild info: version: '3.141.59', revision: 'e82be7d358', time: '2018-11-14T08:17:03'\nSystem info: host: 'Blerons-iMac.local', ip: '192.168.0.103', os.name: 'Mac OS X', os.arch: 'x86_64', os.version: '10.15.6', java.version: '14.0.2'\nDriver info: org.openqa.selenium.chrome.ChromeDriver\nCapabilities {acceptInsecureCerts: false, browserName: chrome, browserVersion: 86.0.4240.80, chrome: {chromedriverVersion: 86.0.4240.22 (398b0743353ff..., userDataDir: /var/folders/k2/ql842xwj4gq...}, goog:chromeOptions: {debuggerAddress: localhost:58131}, javascriptEnabled: true, networkConnectionEnabled: false, pageLoadStrategy: normal, platform: MAC, platformName: MAC, proxy: Proxy(), setWindowRect: true, strictFileInteractability: false, timeouts: {implicit: 0, pageLoad: 300000, script: 30000}, unhandledPromptBehavior: dismiss and notify, webauthn:virtualAuthenticators: true}\nSession ID: 595d3288edd35c7f5a64dd0f63f39972\n*** Element info: {Using=xpath, value=/html/body/div[2]/div[3]/form/div[1]/div/div/div/div/button}",
    "statusTrace" : "org.openqa.selenium.NoSuchElementException: no such element: Unable to locate element: {\"method\":\"xpath\",\"selector\":\"/html/body/div[2]/div[3]/form/div[1]/div/div/div/div/button\"}\n  (Session info: chrome=86.0.4240.80)\nFor documentation on this error, please visit: https://www.seleniumhq.org/exceptions/no_such_element.html\nBuild info: version: '3.141.59', revision: 'e82be7d358', time: '2018-11-14T08:17:03'\nSystem info: host: 'Blerons-iMac.local', ip: '192.168.0.103', os.name: 'Mac OS X', os.arch: 'x86_64', os.version: '10.15.6', java.version: '14.0.2'\nDriver info: org.openqa.selenium.chrome.ChromeDriver\nCapabilities {acceptInsecureCerts: false, browserName: chrome, browserVersion: 86.0.4240.80, chrome: {chromedriverVersion: 86.0.4240.22 (398b0743353ff..., userDataDir: /var/folders/k2/ql842xwj4gq...}, goog:chromeOptions: {debuggerAddress: localhost:58131}, javascriptEnabled: true, networkConnectionEnabled: false, pageLoadStrategy: normal, platform: MAC, platformName: MAC, proxy: Proxy(), setWindowRect: true, strictFileInteractability: false, timeouts: {implicit: 0, pageLoad: 300000, script: 30000}, unhandledPromptBehavior: dismiss and notify, webauthn:virtualAuthenticators: true}\nSession ID: 595d3288edd35c7f5a64dd0f63f39972\n*** Element info: {Using=xpath, value=/html/body/div[2]/div[3]/form/div[1]/div/div/div/div/button}\n\tat java.base/jdk.internal.reflect.NativeConstructorAccessorImpl.newInstance0(Native Method)\n\tat java.base/jdk.internal.reflect.NativeConstructorAccessorImpl.newInstance(NativeConstructorAccessorImpl.java:62)\n\tat java.base/jdk.internal.reflect.DelegatingConstructorAccessorImpl.newInstance(DelegatingConstructorAccessorImpl.java:45)\n\tat java.base/java.lang.reflect.Constructor.newInstanceWithCaller(Constructor.java:500)\n\tat java.base/java.lang.reflect.Constructor.newInstance(Constructor.java:481)\n\tat org.openqa.selenium.remote.http.W3CHttpResponseCodec.createException(W3CHttpResponseCodec.java:187)\n\tat org.openqa.selenium.remote.http.W3CHttpResponseCodec.decode(W3CHttpResponseCodec.java:122)\n\tat org.openqa.selenium.remote.http.W3CHttpResponseCodec.decode(W3CHttpResponseCodec.java:49)\n\tat org.openqa.selenium.remote.HttpCommandExecutor.execute(HttpCommandExecutor.java:158)\n\tat org.openqa.selenium.remote.service.DriverCommandExecutor.execute(DriverCommandExecutor.java:83)\n\tat org.openqa.selenium.remote.RemoteWebDriver.execute(RemoteWebDriver.java:552)\n\tat org.openqa.selenium.remote.RemoteWebDriver.findElement(RemoteWebDriver.java:323)\n\tat org.openqa.selenium.remote.RemoteWebDriver.findElementByXPath(RemoteWebDriver.java:428)\n\tat org.openqa.selenium.By$ByXPath.findElement(By.java:353)\n\tat org.openqa.selenium.remote.RemoteWebDriver.findElement(RemoteWebDriver.java:315)\n\tat com.implementation.SideManagementImpl.templatePage(SideManagementImpl.java:304)\n\tat com.tests.SideManagementTests.testMethod(SideManagementTests.java:41)\n\tat java.base/jdk.internal.reflect.NativeMethodAccessorImpl.invoke0(Native Method)\n\tat java.base/jdk.internal.reflect.NativeMethodAccessorImpl.invoke(NativeMethodAccessorImpl.java:62)\n\tat java.base/jdk.internal.reflect.DelegatingMethodAccessorImpl.invoke(DelegatingMethodAccessorImpl.java:43)\n\tat java.base/java.lang.reflect.Method.invoke(Method.java:564)\n\tat org.testng.internal.MethodInvocationHelper.invokeMethod(MethodInvocationHelper.java:133)\n\tat org.testng.internal.TestInvoker.invokeMethod(TestInvoker.java:584)\n\tat org.testng.internal.TestInvoker.invokeTestMethod(TestInvoker.java:172)\n\tat org.testng.internal.MethodRunner.runInSequence(MethodRunner.java:46)\n\tat org.testng.internal.TestInvoker$MethodInvocationAgent.invoke(TestInvoker.java:804)\n\tat org.testng.internal.TestInvoker.invokeTestMethods(TestInvoker.java:145)\n\tat org.testng.internal.TestMethodWorker.invokeTestMethods(TestMethodWorker.java:146)\n\tat org.testng.internal.TestMethodWorker.run(TestMethodWorker.java:128)\n\tat java.base/java.util.ArrayList.forEach(ArrayList.java:1511)\n\tat org.testng.TestRunner.privateRun(TestRunner.java:770)\n\tat org.testng.TestRunner.run(TestRunner.java:591)\n\tat org.testng.SuiteRunner.runTest(SuiteRunner.java:402)\n\tat org.testng.SuiteRunner.runSequentially(SuiteRunner.java:396)\n\tat org.testng.SuiteRunner.privateRun(SuiteRunner.java:355)\n\tat org.testng.SuiteRunner.run(SuiteRunner.java:304)\n\tat org.testng.SuiteRunnerWorker.runSuite(SuiteRunnerWorker.java:53)\n\tat org.testng.SuiteRunnerWorker.run(SuiteRunnerWorker.java:96)\n\tat org.testng.TestNG.runSuitesSequentially(TestNG.java:1180)\n\tat org.testng.TestNG.runSuitesLocally(TestNG.java:1102)\n\tat org.testng.TestNG.runSuites(TestNG.java:1032)\n\tat org.testng.TestNG.run(TestNG.java:1000)\n\tat com.intellij.rt.testng.IDEARemoteTestNG.run(IDEARemoteTestNG.java:66)\n\tat com.intellij.rt.testng.RemoteTestNGStarter.main(RemoteTestNGStarter.java:109)\n",
    "steps" : [ {
      "name" : "Step 1",
      "time" : {
        "start" : 1603199117381,
        "stop" : 1603199117745,
        "duration" : 364
      },
      "status" : "passed",
      "steps" : [ ],
      "attachments" : [ {
        "uid" : "a54b09dc5c57438d",
        "name" : "Shedwool Screenshot",
        "source" : "a54b09dc5c57438d.png",
        "type" : "image/png",
        "size" : 136420
      } ],
      "parameters" : [ ],
      "stepsCount" : 0,
      "attachmentsCount" : 1,
      "shouldDisplayMessage" : false,
      "hasContent" : true
    }, {
      "name" : "Step 1",
      "time" : {
        "start" : 1603199119122,
        "stop" : 1603199119444,
        "duration" : 322
      },
      "status" : "passed",
      "steps" : [ ],
      "attachments" : [ {
        "uid" : "f603f81824c2fee0",
        "name" : "Shedwool Screenshot",
        "source" : "f603f81824c2fee0.png",
        "type" : "image/png",
        "size" : 23436
      } ],
      "parameters" : [ ],
      "stepsCount" : 0,
      "attachmentsCount" : 1,
      "shouldDisplayMessage" : false,
      "hasContent" : true
    }, {
      "name" : "Step 1",
      "time" : {
        "start" : 1603199119444,
        "stop" : 1603199120272,
        "duration" : 828
      },
      "status" : "passed",
      "steps" : [ ],
      "attachments" : [ {
        "uid" : "3b21c3f7cb687740",
        "name" : "Shedwool Screenshot",
        "source" : "3b21c3f7cb687740.png",
        "type" : "image/png",
        "size" : 41572
      } ],
      "parameters" : [ ],
      "stepsCount" : 0,
      "attachmentsCount" : 1,
      "shouldDisplayMessage" : false,
      "hasContent" : true
    }, {
      "name" : "Step 1",
      "time" : {
        "start" : 1603199123454,
        "stop" : 1603199123773,
        "duration" : 319
      },
      "status" : "passed",
      "steps" : [ ],
      "attachments" : [ {
        "uid" : "cb198e80cd549627",
        "name" : "Shedwool Screenshot",
        "source" : "cb198e80cd549627.png",
        "type" : "image/png",
        "size" : 141174
      } ],
      "parameters" : [ ],
      "stepsCount" : 0,
      "attachmentsCount" : 1,
      "shouldDisplayMessage" : false,
      "hasContent" : true
    }, {
      "name" : "Step 1",
      "time" : {
        "start" : 1603199130501,
        "stop" : 1603199130822,
        "duration" : 321
      },
      "status" : "passed",
      "steps" : [ ],
      "attachments" : [ {
        "uid" : "1ffa801402e8b6e5",
        "name" : "Shedwool Screenshot",
        "source" : "1ffa801402e8b6e5.png",
        "type" : "image/png",
        "size" : 143885
      } ],
      "parameters" : [ ],
      "stepsCount" : 0,
      "attachmentsCount" : 1,
      "shouldDisplayMessage" : false,
      "hasContent" : true
    }, {
      "name" : "Step 1",
      "time" : {
        "start" : 1603199130822,
        "stop" : 1603199131454,
        "duration" : 632
      },
      "status" : "passed",
      "steps" : [ ],
      "attachments" : [ {
        "uid" : "8be78b6ef640cc1d",
        "name" : "Shedwool Screenshot",
        "source" : "8be78b6ef640cc1d.png",
        "type" : "image/png",
        "size" : 143885
      } ],
      "parameters" : [ ],
      "stepsCount" : 0,
      "attachmentsCount" : 1,
      "shouldDisplayMessage" : false,
      "hasContent" : true
    }, {
      "name" : "Step 1",
      "time" : {
        "start" : 1603199135306,
        "stop" : 1603199135629,
        "duration" : 323
      },
      "status" : "passed",
      "steps" : [ ],
      "attachments" : [ {
        "uid" : "b054029e02e990af",
        "name" : "Shedwool Screenshot",
        "source" : "b054029e02e990af.png",
        "type" : "image/png",
        "size" : 145103
      } ],
      "parameters" : [ ],
      "stepsCount" : 0,
      "attachmentsCount" : 1,
      "shouldDisplayMessage" : false,
      "hasContent" : true
    }, {
      "name" : "Step 1",
      "time" : {
        "start" : 1603199147623,
        "stop" : 1603199148439,
        "duration" : 816
      },
      "status" : "passed",
      "steps" : [ ],
      "attachments" : [ {
        "uid" : "a5848b85599c8fd2",
        "name" : "Shedwool Screenshot",
        "source" : "a5848b85599c8fd2.png",
        "type" : "image/png",
        "size" : 134038
      } ],
      "parameters" : [ ],
      "stepsCount" : 0,
      "attachmentsCount" : 1,
      "shouldDisplayMessage" : false,
      "hasContent" : true
    }, {
      "name" : "Step 1",
      "time" : {
        "start" : 1603199148439,
        "stop" : 1603199148730,
        "duration" : 291
      },
      "status" : "passed",
      "steps" : [ ],
      "attachments" : [ {
        "uid" : "255a9997c1aeefc8",
        "name" : "Shedwool Screenshot",
        "source" : "255a9997c1aeefc8.png",
        "type" : "image/png",
        "size" : 133124
      } ],
      "parameters" : [ ],
      "stepsCount" : 0,
      "attachmentsCount" : 1,
      "shouldDisplayMessage" : false,
      "hasContent" : true
    }, {
      "name" : "Step 1",
      "time" : {
        "start" : 1603199153539,
        "stop" : 1603199153863,
        "duration" : 324
      },
      "status" : "passed",
      "steps" : [ ],
      "attachments" : [ {
        "uid" : "b30fa019930d17df",
        "name" : "Shedwool Screenshot",
        "source" : "b30fa019930d17df.png",
        "type" : "image/png",
        "size" : 135370
      } ],
      "parameters" : [ ],
      "stepsCount" : 0,
      "attachmentsCount" : 1,
      "shouldDisplayMessage" : false,
      "hasContent" : true
    }, {
      "name" : "Step 1",
      "time" : {
        "start" : 1603199160823,
        "stop" : 1603199161642,
        "duration" : 819
      },
      "status" : "passed",
      "steps" : [ ],
      "attachments" : [ {
        "uid" : "e2445485f767e5b7",
        "name" : "Shedwool Screenshot",
        "source" : "e2445485f767e5b7.png",
        "type" : "image/png",
        "size" : 133588
      } ],
      "parameters" : [ ],
      "stepsCount" : 0,
      "attachmentsCount" : 1,
      "shouldDisplayMessage" : false,
      "hasContent" : true
    }, {
      "name" : "Step 1",
      "time" : {
        "start" : 1603199161642,
        "stop" : 1603199161950,
        "duration" : 308
      },
      "status" : "passed",
      "steps" : [ ],
      "attachments" : [ {
        "uid" : "db71bc6542550443",
        "name" : "Shedwool Screenshot",
        "source" : "db71bc6542550443.png",
        "type" : "image/png",
        "size" : 138773
      } ],
      "parameters" : [ ],
      "stepsCount" : 0,
      "attachmentsCount" : 1,
      "shouldDisplayMessage" : false,
      "hasContent" : true
    } ],
    "attachments" : [ ],
    "parameters" : [ ],
    "stepsCount" : 12,
    "attachmentsCount" : 12,
    "shouldDisplayMessage" : true,
    "hasContent" : true
  },
  "afterStages" : [ {
    "name" : "cleanUp",
    "time" : {
      "start" : 1603199177741,
      "stop" : 1603199178006,
      "duration" : 265
    },
    "description" : "",
    "status" : "passed",
    "steps" : [ ],
    "attachments" : [ ],
    "parameters" : [ ],
    "stepsCount" : 0,
    "attachmentsCount" : 0,
    "shouldDisplayMessage" : false,
    "hasContent" : false
  } ],
  "labels" : [ {
    "name" : "package",
    "value" : "com.tests.SideManagementTests"
  }, {
    "name" : "testClass",
    "value" : "com.tests.SideManagementTests"
  }, {
    "name" : "testMethod",
    "value" : "testMethod"
  }, {
    "name" : "parentSuite",
    "value" : "System Suite"
  }, {
    "name" : "suite",
    "value" : "System Tests"
  }, {
    "name" : "subSuite",
    "value" : "com.tests.SideManagementTests"
  }, {
    "name" : "host",
    "value" : "Blerons-iMac.local"
  }, {
    "name" : "thread",
    "value" : "6685@Blerons-iMac.local.main(1)"
  }, {
    "name" : "framework",
    "value" : "testng"
  }, {
    "name" : "language",
    "value" : "java"
  }, {
    "name" : "resultFormat",
    "value" : "allure2"
  } ],
  "parameters" : [ ],
  "links" : [ ],
  "hidden" : true,
  "retry" : true,
  "extra" : {
    "categories" : [ ],
    "tags" : [ ]
  },
  "source" : "1988d847826da43b.json",
  "parameterValues" : [ ]
}